c:\users\yann-maelbouton\onedrive - algosup sas\desktop\project\p3-cpp-quickestpath-dev-2425\src\beta\beta\x64\debug\vc143.pdb
c:\users\yann-maelbouton\onedrive - algosup sas\desktop\project\p3-cpp-quickestpath-dev-2425\src\beta\beta\x64\debug\vc143.idb
c:\users\yann-maelbouton\onedrive - algosup sas\desktop\project\p3-cpp-quickestpath-dev-2425\src\beta\beta\x64\debug\api.obj
c:\users\yann-maelbouton\onedrive - algosup sas\desktop\project\p3-cpp-quickestpath-dev-2425\src\beta\beta\x64\debug\main.obj
c:\users\yann-maelbouton\onedrive - algosup sas\desktop\project\p3-cpp-quickestpath-dev-2425\src\beta\beta\x64\debug\log.obj
c:\users\yann-maelbouton\onedrive - algosup sas\desktop\project\p3-cpp-quickestpath-dev-2425\src\beta\beta\x64\debug\integrity.obj
c:\users\yann-maelbouton\onedrive - algosup sas\desktop\project\p3-cpp-quickestpath-dev-2425\src\beta\beta\x64\debug\connectivity.obj
c:\users\yann-maelbouton\onedrive - algosup sas\desktop\project\p3-cpp-quickestpath-dev-2425\src\beta\beta\x64\debug\a_star.obj
c:\users\yann-maelbouton\onedrive - algosup sas\desktop\project\p3-cpp-quickestpath-dev-2425\src\beta\x64\debug\beta.pdb
c:\users\yann-maelbouton\onedrive - algosup sas\desktop\project\p3-cpp-quickestpath-dev-2425\src\beta\beta\x64\debug\beta.tlog\cl.command.1.tlog
c:\users\yann-maelbouton\onedrive - algosup sas\desktop\project\p3-cpp-quickestpath-dev-2425\src\beta\beta\x64\debug\beta.tlog\cl.read.1.tlog
c:\users\yann-maelbouton\onedrive - algosup sas\desktop\project\p3-cpp-quickestpath-dev-2425\src\beta\beta\x64\debug\beta.tlog\cl.write.1.tlog
c:\users\yann-maelbouton\onedrive - algosup sas\desktop\project\p3-cpp-quickestpath-dev-2425\src\beta\beta\x64\debug\beta.tlog\link-cvtres.read.1.tlog
c:\users\yann-maelbouton\onedrive - algosup sas\desktop\project\p3-cpp-quickestpath-dev-2425\src\beta\beta\x64\debug\beta.tlog\link-cvtres.write.1.tlog
c:\users\yann-maelbouton\onedrive - algosup sas\desktop\project\p3-cpp-quickestpath-dev-2425\src\beta\beta\x64\debug\beta.tlog\link-rc.read.1.tlog
c:\users\yann-maelbouton\onedrive - algosup sas\desktop\project\p3-cpp-quickestpath-dev-2425\src\beta\beta\x64\debug\beta.tlog\link-rc.write.1.tlog
c:\users\yann-maelbouton\onedrive - algosup sas\desktop\project\p3-cpp-quickestpath-dev-2425\src\beta\beta\x64\debug\beta.tlog\link.command.1.tlog
c:\users\yann-maelbouton\onedrive - algosup sas\desktop\project\p3-cpp-quickestpath-dev-2425\src\beta\beta\x64\debug\beta.tlog\link.read.1.tlog
c:\users\yann-maelbouton\onedrive - algosup sas\desktop\project\p3-cpp-quickestpath-dev-2425\src\beta\beta\x64\debug\beta.tlog\link.read.2.tlog
c:\users\yann-maelbouton\onedrive - algosup sas\desktop\project\p3-cpp-quickestpath-dev-2425\src\beta\beta\x64\debug\beta.tlog\link.write.1.tlog
